


ARM Macro Assembler    Page 1 


    1 00000000                 PRESERVE8
    2 00000000         
    3 00000000                 EXPORT           LOS_IntLock
    4 00000000                 EXPORT           LOS_IntUnLock
    5 00000000                 EXPORT           LOS_IntRestore
    6 00000000                 EXPORT           LOS_StartToRun
    7 00000000                 EXPORT           osTaskSchedule
    8 00000000                 EXPORT           osPendSV
    9 00000000         
   10 00000000                 IMPORT           g_stLosTask
   11 00000000                 IMPORT           g_pfnTskSwitchHook
   12 00000000                 IMPORT           g_bTaskScheduled
   13 00000000         
   14 00000000 E000ED04 
                       OS_NVIC_INT_CTRL
                               EQU              0xE000ED04
   15 00000000 E000ED20 
                       OS_NVIC_SYSPRI2
                               EQU              0xE000ED20
   16 00000000 F0F00000 
                       OS_NVIC_PENDSV_PRI
                               EQU              0xF0F00000
   17 00000000 10000000 
                       OS_NVIC_PENDSVSET
                               EQU              0x10000000
   18 00000000 00000010 
                       OS_TASK_STATUS_RUNNING
                               EQU              0x0010
   19 00000000         
   20 00000000                 AREA             |.text|,CODE,READONLY
   21 00000000                 THUMB
   22 00000000         
   23 00000000         LOS_StartToRun
   24 00000000 4C32            LDR              R4, =OS_NVIC_SYSPRI2
   25 00000002 4D33            LDR              R5, =OS_NVIC_PENDSV_PRI
   26 00000004 6025            STR              R5, [R4]
   27 00000006         
   28 00000006 4833            LDR              R0, =g_bTaskScheduled
   29 00000008 F04F 0101       MOV              R1, #1
   30 0000000C 6001            STR              R1, [R0]
   31 0000000E         
   32 0000000E F04F 0002       MOV              R0, #2
   33 00000012 F380 8814       MSR              CONTROL, R0
   34 00000016         
   35 00000016         
   36 00000016 4830            LDR              R0, =g_stLosTask
   37 00000018 6842            LDR              R2, [R0, #4]
   38 0000001A 482F            LDR              R0, =g_stLosTask
   39 0000001C 6002            STR              R2, [R0]
   40 0000001E         
   41 0000001E 4B2E            LDR              R3, =g_stLosTask
   42 00000020 6818            LDR              R0, [R3]
   43 00000022 8887            LDRH             R7, [R0 , #4]
   44 00000024 F04F 0810       MOV              R8,  #OS_TASK_STATUS_RUNNING
   45 00000028 EA47 0708       ORR              R7,  R7,  R8
   46 0000002C 8087            STRH             R7,  [R0 , #4]
   47 0000002E         
   48 0000002E F8D0 C000       LDR              R12, [R0]
   49 00000032 F10C 0C64       ADD              R12, R12, #100



ARM Macro Assembler    Page 2 


   50 00000036         
   51 00000036 E8BC 00FF       LDMFD            R12!, {R0-R7}
   52 0000003A F10C 0C48       ADD              R12, R12, #72
   53 0000003E F38C 8809       MSR              PSP, R12
   54 00000042 ED2D 0A01       VPUSH            S0          ;
   55 00000046 ECBD 0A01       VPOP             S0          ;
   56 0000004A         
   57 0000004A 46AE            MOV              LR, R5
   58 0000004C         ;MSR     xPSR, R7
   59 0000004C         
   60 0000004C B662            CPSIE            I
   61 0000004E 4730            BX               R6
   62 00000050         
   63 00000050         
   64 00000050         LOS_IntLock
   65 00000050 F3EF 8010       MRS              R0, PRIMASK
   66 00000054 B672            CPSID            I
   67 00000056 4770            BX               LR
   68 00000058         
   69 00000058         LOS_IntUnLock
   70 00000058 F3EF 8010       MRS              R0, PRIMASK
   71 0000005C B662            CPSIE            I
   72 0000005E 4770            BX               LR
   73 00000060         
   74 00000060         LOS_IntRestore
   75 00000060 F380 8810       MSR              PRIMASK, R0
   76 00000064 4770            BX               LR
   77 00000066         
   78 00000066         osTaskSchedule
   79 00000066 481D            LDR              R0, =OS_NVIC_INT_CTRL
   80 00000068 F04F 5180       LDR              R1, =OS_NVIC_PENDSVSET
   81 0000006C 6001            STR              R1, [R0]
   82 0000006E 4770            BX               LR
   83 00000070         
   84 00000070         osPendSV
   85 00000070 F3EF 8C10       MRS              R12, PRIMASK
   86 00000074 B672            CPSID            I
   87 00000076         
   88 00000076 4A1A            LDR              R2, =g_pfnTskSwitchHook
   89 00000078 6812            LDR              R2, [R2]
   90 0000007A B122            CBZ              R2, TaskSwitch
   91 0000007C E92D 5000       PUSH             {R12, LR}
   92 00000080 4790            BLX              R2
   93 00000082 E8BD 5000       POP              {R12, LR}
   94 00000086         
   95 00000086         TaskSwitch
   96 00000086 F3EF 8009       MRS              R0, PSP
   97 0000008A         
   98 0000008A E920 1FF0       STMFD            R0!, {R4-R12}
   99 0000008E ED20 8B10       VSTMDB           R0!, {D8-D15}
  100 00000092         
  101 00000092 4D11            LDR              R5, =g_stLosTask
  102 00000094 682E            LDR              R6, [R5]
  103 00000096 6030            STR              R0, [R6]
  104 00000098         
  105 00000098         
  106 00000098 88B7            LDRH             R7, [R6 , #4]
  107 0000009A F04F 0810       MOV              R8,#OS_TASK_STATUS_RUNNING
  108 0000009E EA27 0708       BIC              R7, R7, R8



ARM Macro Assembler    Page 3 


  109 000000A2 80B7            STRH             R7, [R6 , #4]
  110 000000A4         
  111 000000A4         
  112 000000A4 480C            LDR              R0, =g_stLosTask
  113 000000A6 6840            LDR              R0, [R0, #4]
  114 000000A8 6028            STR              R0, [R5]
  115 000000AA         
  116 000000AA         
  117 000000AA 8887            LDRH             R7, [R0 , #4]
  118 000000AC F04F 0810       MOV              R8,  #OS_TASK_STATUS_RUNNING
  119 000000B0 EA47 0708       ORR              R7, R7, R8
  120 000000B4 8087            STRH             R7,  [R0 , #4]
  121 000000B6         
  122 000000B6 6801            LDR              R1,   [R0]
  123 000000B8 ECB1 8B10       VLDMIA           R1!, {D8-D15}
  124 000000BC E8B1 1FF0       LDMFD            R1!, {R4-R12}
  125 000000C0 F381 8809       MSR              PSP,  R1
  126 000000C4         
  127 000000C4 F38C 8810       MSR              PRIMASK, R12
  128 000000C8 4770            BX               LR
  129 000000CA BF00            NOP
  130 000000CC                 END
              E000ED20 
              F0F00000 
              00000000 
              00000000 
              E000ED04 
              00000000 
Command Line: --debug --xref --diag_suppress=9931 --cpu=Cortex-M4.fp --apcs=int
erwork --depend=.\objects\los_dispatch.d -o.\objects\los_dispatch.o -ID:\openli
teos\project\RTE -IC:\Keil_v5\ARM\PACK\ARM\CMSIS\4.5.0\CMSIS\Include -IC:\Keil_
v5\ARM\PACK\Keil\STM32F4xx_DFP\2.11.0\Drivers\CMSIS\Device\ST\STM32F4xx\Include
 --predefine="__UVISION_VERSION SETA 518" --predefine="_RTE_ SETA 1" --predefin
e="STM32F429xx SETA 1" --list=.\listings\los_dispatch.lst ..\platform\cpu\los_d
ispatch.s



ARM Macro Assembler    Page 1 Alphabetic symbol ordering
Relocatable symbols

.text 00000000

Symbol: .text
   Definitions
      At line 20 in file ..\platform\cpu\los_dispatch.s
   Uses
      None
Comment: .text unused
LOS_IntLock 00000050

Symbol: LOS_IntLock
   Definitions
      At line 64 in file ..\platform\cpu\los_dispatch.s
   Uses
      At line 3 in file ..\platform\cpu\los_dispatch.s
Comment: LOS_IntLock used once
LOS_IntRestore 00000060

Symbol: LOS_IntRestore
   Definitions
      At line 74 in file ..\platform\cpu\los_dispatch.s
   Uses
      At line 5 in file ..\platform\cpu\los_dispatch.s
Comment: LOS_IntRestore used once
LOS_IntUnLock 00000058

Symbol: LOS_IntUnLock
   Definitions
      At line 69 in file ..\platform\cpu\los_dispatch.s
   Uses
      At line 4 in file ..\platform\cpu\los_dispatch.s
Comment: LOS_IntUnLock used once
LOS_StartToRun 00000000

Symbol: LOS_StartToRun
   Definitions
      At line 23 in file ..\platform\cpu\los_dispatch.s
   Uses
      At line 6 in file ..\platform\cpu\los_dispatch.s
Comment: LOS_StartToRun used once
TaskSwitch 00000086

Symbol: TaskSwitch
   Definitions
      At line 95 in file ..\platform\cpu\los_dispatch.s
   Uses
      At line 90 in file ..\platform\cpu\los_dispatch.s
Comment: TaskSwitch used once
osPendSV 00000070

Symbol: osPendSV
   Definitions
      At line 84 in file ..\platform\cpu\los_dispatch.s
   Uses
      At line 8 in file ..\platform\cpu\los_dispatch.s
Comment: osPendSV used once
osTaskSchedule 00000066

Symbol: osTaskSchedule



ARM Macro Assembler    Page 2 Alphabetic symbol ordering
Relocatable symbols

   Definitions
      At line 78 in file ..\platform\cpu\los_dispatch.s
   Uses
      At line 7 in file ..\platform\cpu\los_dispatch.s
Comment: osTaskSchedule used once
8 symbols



ARM Macro Assembler    Page 1 Alphabetic symbol ordering
Absolute symbols

OS_NVIC_INT_CTRL E000ED04

Symbol: OS_NVIC_INT_CTRL
   Definitions
      At line 14 in file ..\platform\cpu\los_dispatch.s
   Uses
      At line 79 in file ..\platform\cpu\los_dispatch.s
Comment: OS_NVIC_INT_CTRL used once
OS_NVIC_PENDSVSET 10000000

Symbol: OS_NVIC_PENDSVSET
   Definitions
      At line 17 in file ..\platform\cpu\los_dispatch.s
   Uses
      At line 80 in file ..\platform\cpu\los_dispatch.s
Comment: OS_NVIC_PENDSVSET used once
OS_NVIC_PENDSV_PRI F0F00000

Symbol: OS_NVIC_PENDSV_PRI
   Definitions
      At line 16 in file ..\platform\cpu\los_dispatch.s
   Uses
      At line 25 in file ..\platform\cpu\los_dispatch.s
Comment: OS_NVIC_PENDSV_PRI used once
OS_NVIC_SYSPRI2 E000ED20

Symbol: OS_NVIC_SYSPRI2
   Definitions
      At line 15 in file ..\platform\cpu\los_dispatch.s
   Uses
      At line 24 in file ..\platform\cpu\los_dispatch.s
Comment: OS_NVIC_SYSPRI2 used once
OS_TASK_STATUS_RUNNING 00000010

Symbol: OS_TASK_STATUS_RUNNING
   Definitions
      At line 18 in file ..\platform\cpu\los_dispatch.s
   Uses
      At line 44 in file ..\platform\cpu\los_dispatch.s
      At line 107 in file ..\platform\cpu\los_dispatch.s
      At line 118 in file ..\platform\cpu\los_dispatch.s

5 symbols



ARM Macro Assembler    Page 1 Alphabetic symbol ordering
External symbols

g_bTaskScheduled 00000000

Symbol: g_bTaskScheduled
   Definitions
      At line 12 in file ..\platform\cpu\los_dispatch.s
   Uses
      At line 28 in file ..\platform\cpu\los_dispatch.s
Comment: g_bTaskScheduled used once
g_pfnTskSwitchHook 00000000

Symbol: g_pfnTskSwitchHook
   Definitions
      At line 11 in file ..\platform\cpu\los_dispatch.s
   Uses
      At line 88 in file ..\platform\cpu\los_dispatch.s
Comment: g_pfnTskSwitchHook used once
g_stLosTask 00000000

Symbol: g_stLosTask
   Definitions
      At line 10 in file ..\platform\cpu\los_dispatch.s
   Uses
      At line 36 in file ..\platform\cpu\los_dispatch.s
      At line 38 in file ..\platform\cpu\los_dispatch.s
      At line 41 in file ..\platform\cpu\los_dispatch.s
      At line 101 in file ..\platform\cpu\los_dispatch.s
      At line 112 in file ..\platform\cpu\los_dispatch.s

3 symbols
352 symbols in table
